# Logfile created on Fri Oct 15 15:09:06 -0400 2010 by logger.rb
admin['$cmd'].find({:ismaster=>1}, {}).limit(-1)
admin['$cmd'].find({:ismaster=>1}, {}).limit(-1)
admin['$cmd'].find({:ismaster=>1}, {}).limit(-1)
admin['$cmd'].find({:ismaster=>1}, {}).limit(-1)
admin['$cmd'].find({:ismaster=>1}, {}).limit(-1)
admin['$cmd'].find({:ismaster=>1}, {}).limit(-1)
admin['$cmd'].find({:ismaster=>1}, {}).limit(-1)
admin['$cmd'].find({:ismaster=>1}, {}).limit(-1)
admin['$cmd'].find({:ismaster=>1}, {}).limit(-1)
MONGODB oots['system.indexes'].insert([{:key=>{"name"=>1}, :name=>"name_1", :ns=>"oots.teams"}])
MONGODB oots['system.indexes'].insert([{:key=>{"slug"=>1}, :name=>"slug_1", :ns=>"oots.teams"}])
MONGODB oots['system.indexes'].insert([{:key=>{"latlon"=>"2d"}, :name=>"latlon_2d", :ns=>"oots.teams"}])
MONGODB oots['system.indexes'].insert([{:key=>{"slug"=>1}, :name=>"slug_1", :ns=>"oots.teams"}])
MONGODB oots['system.indexes'].insert([{:key=>{"name"=>1}, :name=>"name_1", :ns=>"oots.venues"}])
MONGODB oots['system.indexes'].insert([{:key=>{"slug"=>1}, :name=>"slug_1", :ns=>"oots.venues"}])
MONGODB oots['system.indexes'].insert([{:key=>{"latlon"=>"2d"}, :name=>"latlon_2d", :ns=>"oots.venues"}])
MONGODB oots['system.indexes'].insert([{:key=>{"slug"=>1}, :name=>"slug_1", :ns=>"oots.venues"}])
admin['$cmd'].find({:ismaster=>1}, {}).limit(-1)
admin['$cmd'].find({:ismaster=>1}, {}).limit(-1)
MONGODB oots['system.indexes'].insert([{:key=>{"name"=>1}, :name=>"name_1", :ns=>"oots.teams"}])
MONGODB oots['system.indexes'].insert([{:key=>{"slug"=>1}, :name=>"slug_1", :ns=>"oots.teams"}])
MONGODB oots['system.indexes'].insert([{:key=>{"latlon"=>"2d"}, :name=>"latlon_2d", :ns=>"oots.teams"}])
MONGODB oots['system.indexes'].insert([{:key=>{"slug"=>1}, :name=>"slug_1", :ns=>"oots.teams"}])
MONGODB oots['system.indexes'].insert([{:key=>{"name"=>1}, :name=>"name_1", :ns=>"oots.venues"}])
MONGODB oots['system.indexes'].insert([{:key=>{"slug"=>1}, :name=>"slug_1", :ns=>"oots.venues"}])
MONGODB oots['system.indexes'].insert([{:key=>{"latlon"=>"2d"}, :name=>"latlon_2d", :ns=>"oots.venues"}])
MONGODB oots['system.indexes'].insert([{:key=>{"slug"=>1}, :name=>"slug_1", :ns=>"oots.venues"}])
admin['$cmd'].find({:ismaster=>1}, {}).limit(-1)
admin['$cmd'].find({:ismaster=>1}, {}).limit(-1)
MONGODB oots['system.indexes'].insert([{:key=>{"name"=>1}, :ns=>"oots.teams", :name=>"name_1"}])
MONGODB oots['system.indexes'].insert([{:key=>{"slug"=>1}, :ns=>"oots.teams", :name=>"slug_1"}])
MONGODB oots['system.indexes'].insert([{:key=>{"slug"=>1}, :ns=>"oots.teams", :name=>"slug_1"}])
MONGODB oots['system.indexes'].insert([{:key=>{"name"=>1}, :ns=>"oots.venues", :name=>"name_1"}])
MONGODB oots['system.indexes'].insert([{:key=>{"slug"=>1}, :ns=>"oots.venues", :name=>"slug_1"}])
MONGODB oots['system.indexes'].insert([{:key=>{"latlon"=>"2d"}, :ns=>"oots.venues", :name=>"latlon_2d"}])
MONGODB oots['system.indexes'].insert([{:key=>{"slug"=>1}, :ns=>"oots.venues", :name=>"slug_1"}])
admin['$cmd'].find({:ismaster=>1}, {}).limit(-1)
admin['$cmd'].find({:ismaster=>1}, {}).limit(-1)
MONGODB oots['system.indexes'].insert([{:key=>{"name"=>1}, :name=>"name_1", :ns=>"oots.teams"}])
MONGODB oots['system.indexes'].insert([{:key=>{"slug"=>1}, :name=>"slug_1", :ns=>"oots.teams"}])
MONGODB oots['system.indexes'].insert([{:key=>{"slug"=>1}, :name=>"slug_1", :ns=>"oots.teams"}])
MONGODB oots['system.indexes'].insert([{:key=>{"name"=>1}, :name=>"name_1", :ns=>"oots.venues"}])
MONGODB oots['system.indexes'].insert([{:key=>{"slug"=>1}, :name=>"slug_1", :ns=>"oots.venues"}])
MONGODB oots['system.indexes'].insert([{:key=>{"latlon"=>"2d"}, :name=>"latlon_2d", :ns=>"oots.venues"}])
MONGODB oots['system.indexes'].insert([{:key=>{"slug"=>1}, :name=>"slug_1", :ns=>"oots.venues"}])
admin['$cmd'].find({:ismaster=>1}, {}).limit(-1)
admin['$cmd'].find({:ismaster=>1}, {}).limit(-1)
MONGODB oots['system.indexes'].insert([{:ns=>"oots.teams", :key=>{"name"=>1}, :name=>"name_1"}])
MONGODB oots['system.indexes'].insert([{:ns=>"oots.teams", :key=>{"slug"=>1}, :name=>"slug_1"}])
MONGODB oots['system.indexes'].insert([{:ns=>"oots.teams", :key=>{"slug"=>1}, :name=>"slug_1"}])
MONGODB oots['system.indexes'].insert([{:ns=>"oots.venues", :key=>{"name"=>1}, :name=>"name_1"}])
MONGODB oots['system.indexes'].insert([{:ns=>"oots.venues", :key=>{"slug"=>1}, :name=>"slug_1"}])
MONGODB oots['system.indexes'].insert([{:ns=>"oots.venues", :key=>{"latlon"=>"2d"}, :name=>"latlon_2d"}])
MONGODB oots['system.indexes'].insert([{:ns=>"oots.venues", :key=>{"slug"=>1}, :name=>"slug_1"}])
admin['$cmd'].find({:ismaster=>1}, {}).limit(-1)
MONGODB oots['system.indexes'].insert([{:ns=>"oots.teams", :key=>{"name"=>1}, :name=>"name_1"}])
MONGODB oots['system.indexes'].insert([{:ns=>"oots.teams", :key=>{"slug"=>1}, :name=>"slug_1"}])
MONGODB oots['system.indexes'].insert([{:ns=>"oots.teams", :key=>{"slug"=>1}, :name=>"slug_1"}])
MONGODB oots['system.indexes'].insert([{:ns=>"oots.venues", :key=>{"name"=>1}, :name=>"name_1"}])
MONGODB oots['system.indexes'].insert([{:ns=>"oots.venues", :key=>{"slug"=>1}, :name=>"slug_1"}])
MONGODB oots['system.indexes'].insert([{:ns=>"oots.venues", :key=>{"latlon"=>"2d"}, :name=>"latlon_2d"}])
MONGODB oots['system.indexes'].insert([{:ns=>"oots.venues", :key=>{"slug"=>1}, :name=>"slug_1"}])
admin['$cmd'].find({:ismaster=>1}, {}).limit(-1)
admin['$cmd'].find({:ismaster=>1}, {}).limit(-1)
MONGODB oots['system.indexes'].insert([{:key=>{"name"=>1}, :name=>"name_1", :ns=>"oots.teams"}])
MONGODB oots['system.indexes'].insert([{:key=>{"slug"=>1}, :name=>"slug_1", :ns=>"oots.teams"}])
MONGODB oots['system.indexes'].insert([{:key=>{"slug"=>1}, :name=>"slug_1", :ns=>"oots.teams"}])
MONGODB oots['system.indexes'].insert([{:key=>{"name"=>1}, :name=>"name_1", :ns=>"oots.venues"}])
MONGODB oots['system.indexes'].insert([{:key=>{"slug"=>1}, :name=>"slug_1", :ns=>"oots.venues"}])
MONGODB oots['system.indexes'].insert([{:key=>{"latlon"=>"2d"}, :name=>"latlon_2d", :ns=>"oots.venues"}])
MONGODB oots['system.indexes'].insert([{:key=>{"slug"=>1}, :name=>"slug_1", :ns=>"oots.venues"}])
admin['$cmd'].find({:ismaster=>1}, {}).limit(-1)
admin['$cmd'].find({:ismaster=>1}, {}).limit(-1)
MONGODB oots['system.indexes'].insert([{:ns=>"oots.teams", :key=>{"name"=>1}, :name=>"name_1"}])
MONGODB oots['system.indexes'].insert([{:ns=>"oots.teams", :key=>{"slug"=>1}, :name=>"slug_1"}])
MONGODB oots['system.indexes'].insert([{:ns=>"oots.teams", :key=>{"slug"=>1}, :name=>"slug_1"}])
MONGODB oots['system.indexes'].insert([{:ns=>"oots.venues", :key=>{"name"=>1}, :name=>"name_1"}])
MONGODB oots['system.indexes'].insert([{:ns=>"oots.venues", :key=>{"slug"=>1}, :name=>"slug_1"}])
MONGODB oots['system.indexes'].insert([{:ns=>"oots.venues", :key=>{"latlon"=>"2d"}, :name=>"latlon_2d"}])
MONGODB oots['system.indexes'].insert([{:ns=>"oots.venues", :key=>{"slug"=>1}, :name=>"slug_1"}])
admin['$cmd'].find({:ismaster=>1}, {}).limit(-1)
MONGODB oots['teams'].update({:_id=>BSON::ObjectId('4cba255bd1092ce91d000001')}, {"name"=>"New England Patriots", "slug"=>"new-england-patriots", "city"=>nil, "created_at"=>Sat Oct 16 22:21:16 UTC 2010, "country"=>nil, "updated_at"=>Sat Oct 16 22:21:16 UTC 2010, "_id"=>BSON::ObjectId('4cba255bd1092ce91d000001'), "url"=>"", "league"=>nil, "definite_article"=>nil, "sport"=>"football", "altnames"=>[], "twitter"=>""})
admin['$cmd'].find({:ismaster=>1}, {}).limit(-1)
MONGODB oots['system.indexes'].insert([{:ns=>"oots.teams", :key=>{"name"=>1}, :name=>"name_1"}])
MONGODB oots['system.indexes'].insert([{:ns=>"oots.teams", :key=>{"slug"=>1}, :name=>"slug_1"}])
MONGODB oots['system.indexes'].insert([{:ns=>"oots.teams", :key=>{"slug"=>1}, :name=>"slug_1"}])
MONGODB oots['system.indexes'].insert([{:ns=>"oots.venues", :key=>{"name"=>1}, :name=>"name_1"}])
MONGODB oots['system.indexes'].insert([{:ns=>"oots.venues", :key=>{"slug"=>1}, :name=>"slug_1"}])
MONGODB oots['system.indexes'].insert([{:ns=>"oots.venues", :key=>{"latlon"=>"2d"}, :name=>"latlon_2d"}])
MONGODB oots['system.indexes'].insert([{:ns=>"oots.venues", :key=>{"slug"=>1}, :name=>"slug_1"}])
admin['$cmd'].find({:ismaster=>1}, {}).limit(-1)
admin['$cmd'].find({:ismaster=>1}, {}).limit(-1)
MONGODB oots['system.indexes'].insert([{:ns=>"oots.teams", :key=>{"name"=>1}, :name=>"name_1"}])
MONGODB oots['system.indexes'].insert([{:ns=>"oots.teams", :key=>{"slug"=>1}, :name=>"slug_1"}])
MONGODB oots['system.indexes'].insert([{:ns=>"oots.teams", :key=>{"slug"=>1}, :name=>"slug_1"}])
MONGODB oots['system.indexes'].insert([{:ns=>"oots.venues", :key=>{"name"=>1}, :name=>"name_1"}])
MONGODB oots['system.indexes'].insert([{:ns=>"oots.venues", :key=>{"slug"=>1}, :name=>"slug_1"}])
MONGODB oots['system.indexes'].insert([{:ns=>"oots.venues", :key=>{"latlon"=>"2d"}, :name=>"latlon_2d"}])
MONGODB oots['system.indexes'].insert([{:ns=>"oots.venues", :key=>{"slug"=>1}, :name=>"slug_1"}])
admin['$cmd'].find({:ismaster=>1}, {}).limit(-1)
admin['$cmd'].find({:ismaster=>1}, {}).limit(-1)
MONGODB oots['system.indexes'].insert([{:ns=>"oots.teams", :key=>{"name"=>1}, :name=>"name_1"}])
MONGODB oots['system.indexes'].insert([{:ns=>"oots.teams", :key=>{"slug"=>1}, :name=>"slug_1"}])
MONGODB oots['system.indexes'].insert([{:ns=>"oots.teams", :key=>{"slug"=>1}, :name=>"slug_1"}])
MONGODB oots['system.indexes'].insert([{:ns=>"oots.venues", :key=>{"name"=>1}, :name=>"name_1"}])
MONGODB oots['system.indexes'].insert([{:ns=>"oots.venues", :key=>{"slug"=>1}, :name=>"slug_1"}])
MONGODB oots['system.indexes'].insert([{:ns=>"oots.venues", :key=>{"latlon"=>"2d"}, :name=>"latlon_2d"}])
MONGODB oots['system.indexes'].insert([{:ns=>"oots.venues", :key=>{"slug"=>1}, :name=>"slug_1"}])
admin['$cmd'].find({:ismaster=>1}, {}).limit(-1)
MONGODB oots['teams'].update({:_id=>BSON::ObjectId('4cba5815d1092cf432000002')}, {"name"=>"Boston Red Sox", "slug"=>"boston-red-sox", "city"=>nil, "created_at"=>Sun Oct 17 01:57:42 UTC 2010, "country"=>nil, "updated_at"=>Sun Oct 17 01:57:42 UTC 2010, "_id"=>BSON::ObjectId('4cba5815d1092cf432000002'), "url"=>"", "league"=>"MLB", "definite_article"=>nil, "sport"=>"Baseball", "altnames"=>[], "twitter"=>"RedSox"})
admin['$cmd'].find({:ismaster=>1}, {}).limit(-1)
MONGODB oots['system.indexes'].insert([{:key=>{"name"=>1}, :name=>"name_1", :ns=>"oots.teams"}])
MONGODB oots['system.indexes'].insert([{:key=>{"slug"=>1}, :name=>"slug_1", :ns=>"oots.teams"}])
MONGODB oots['system.indexes'].insert([{:key=>{"slug"=>1}, :name=>"slug_1", :ns=>"oots.teams"}])
MONGODB oots['system.indexes'].insert([{:key=>{"name"=>1}, :name=>"name_1", :ns=>"oots.venues"}])
MONGODB oots['system.indexes'].insert([{:key=>{"slug"=>1}, :name=>"slug_1", :ns=>"oots.venues"}])
MONGODB oots['system.indexes'].insert([{:key=>{"latlon"=>"2d"}, :name=>"latlon_2d", :ns=>"oots.venues"}])
MONGODB oots['system.indexes'].insert([{:key=>{"slug"=>1}, :name=>"slug_1", :ns=>"oots.venues"}])
admin['$cmd'].find({:ismaster=>1}, {}).limit(-1)
oots['teams'].find({:slug=>"boston-red-sox"}, {}).limit(-1)
oots['teams'].find({:slug=>"boston-red-sox"}, {}).limit(-1)
oots['teams'].find({:slug=>"boston-red-sox"}, {}).limit(-1)
oots['teams'].find({:slug=>"boston-red-sox"}, {}).limit(-1)
admin['$cmd'].find({:ismaster=>1}, {}).limit(-1)
MONGODB oots['system.indexes'].insert([{:key=>{"name"=>1}, :ns=>"oots.teams", :name=>"name_1"}])
MONGODB oots['system.indexes'].insert([{:key=>{"slug"=>1}, :ns=>"oots.teams", :name=>"slug_1"}])
MONGODB oots['system.indexes'].insert([{:key=>{"slug"=>1}, :ns=>"oots.teams", :name=>"slug_1"}])
MONGODB oots['system.indexes'].insert([{:key=>{"name"=>1}, :ns=>"oots.venues", :name=>"name_1"}])
MONGODB oots['system.indexes'].insert([{:key=>{"slug"=>1}, :ns=>"oots.venues", :name=>"slug_1"}])
MONGODB oots['system.indexes'].insert([{:key=>{"latlon"=>"2d"}, :ns=>"oots.venues", :name=>"latlon_2d"}])
MONGODB oots['system.indexes'].insert([{:key=>{"slug"=>1}, :ns=>"oots.venues", :name=>"slug_1"}])
oots['teams'].find({}, {})
admin['$cmd'].find({:ismaster=>1}, {}).limit(-1)
MONGODB oots['system.indexes'].insert([{:ns=>"oots.teams", :key=>{"name"=>1}, :name=>"name_1"}])
MONGODB oots['system.indexes'].insert([{:ns=>"oots.teams", :key=>{"slug"=>1}, :name=>"slug_1"}])
MONGODB oots['system.indexes'].insert([{:ns=>"oots.teams", :key=>{"slug"=>1}, :name=>"slug_1"}])
MONGODB oots['system.indexes'].insert([{:ns=>"oots.venues", :key=>{"name"=>1}, :name=>"name_1"}])
MONGODB oots['system.indexes'].insert([{:ns=>"oots.venues", :key=>{"slug"=>1}, :name=>"slug_1"}])
MONGODB oots['system.indexes'].insert([{:ns=>"oots.venues", :key=>{"latlon"=>"2d"}, :name=>"latlon_2d"}])
MONGODB oots['system.indexes'].insert([{:ns=>"oots.venues", :key=>{"slug"=>1}, :name=>"slug_1"}])
admin['$cmd'].find({:ismaster=>1}, {}).limit(-1)
oots['oots-bin'].find({:_id=>"teams", :expires_at=>{"$gt"=>Sun Oct 17 02:14:09 UTC 2010}}, {}).limit(-1)
oots['teams'].find({}, {})
MONGODB oots['oots-bin'].update({:_id=>"teams"}, {:_id=>"teams", :value=><BSON::Binary:2165324120>, :raw=>false, :expires_at=>Mon Oct 17 02:14:09 UTC 2011})
oots['oots-bin'].find({:_id=>"teams", :expires_at=>{"$gt"=>Sun Oct 17 02:14:47 UTC 2010}}, {}).limit(-1)
oots['oots-bin'].find({:_id=>"teams", :expires_at=>{"$gt"=>Sun Oct 17 03:19:12 UTC 2010}}, {}).limit(-1)
oots['oots-bin'].find({:_id=>"teams", :expires_at=>{"$gt"=>Sun Oct 17 03:19:15 UTC 2010}}, {}).limit(-1)
oots['oots-bin'].find({:_id=>"teams", :expires_at=>{"$gt"=>Sun Oct 17 03:19:26 UTC 2010}}, {}).limit(-1)
oots['oots-bin'].find({:_id=>"teams", :expires_at=>{"$gt"=>Sun Oct 17 03:19:28 UTC 2010}}, {}).limit(-1)
oots['oots-bin'].find({:_id=>"teams", :expires_at=>{"$gt"=>Sun Oct 17 03:19:57 UTC 2010}}, {}).limit(-1)
oots['oots-bin'].find({:_id=>"teams", :expires_at=>{"$gt"=>Sun Oct 17 03:20:28 UTC 2010}}, {}).limit(-1)
oots['oots-bin'].find({:_id=>"teams", :expires_at=>{"$gt"=>Sun Oct 17 04:13:34 UTC 2010}}, {}).limit(-1)
oots['teams'].find({}, {})
MONGODB oots['oots-bin'].update({:_id=>"teams"}, {:_id=>"teams", :value=><BSON::Binary:2164691680>, :raw=>false, :expires_at=>Mon Oct 17 04:13:35 UTC 2011})
oots['oots-bin'].find({:_id=>"teams", :expires_at=>{"$gt"=>Sun Oct 17 04:14:15 UTC 2010}}, {}).limit(-1)
admin['$cmd'].find({:ismaster=>1}, {}).limit(-1)
MONGODB oots['system.indexes'].insert([{:ns=>"oots.teams", :key=>{"name"=>1}, :name=>"name_1"}])
MONGODB oots['system.indexes'].insert([{:ns=>"oots.teams", :key=>{"slug"=>1}, :name=>"slug_1"}])
MONGODB oots['system.indexes'].insert([{:ns=>"oots.teams", :key=>{"slug"=>1}, :name=>"slug_1"}])
MONGODB oots['system.indexes'].insert([{:ns=>"oots.venues", :key=>{"name"=>1}, :name=>"name_1"}])
MONGODB oots['system.indexes'].insert([{:ns=>"oots.venues", :key=>{"slug"=>1}, :name=>"slug_1"}])
MONGODB oots['system.indexes'].insert([{:ns=>"oots.venues", :key=>{"latlon"=>"2d"}, :name=>"latlon_2d"}])
MONGODB oots['system.indexes'].insert([{:ns=>"oots.venues", :key=>{"slug"=>1}, :name=>"slug_1"}])
admin['$cmd'].find({:ismaster=>1}, {}).limit(-1)
oots['teams'].find({}, {})
oots['teams'].find({}, {})
oots['teams'].find({}, {})
admin['$cmd'].find({:ismaster=>1}, {}).limit(-1)
MONGODB oots['system.indexes'].insert([{:ns=>"oots.teams", :key=>{"name"=>1}, :name=>"name_1"}])
MONGODB oots['system.indexes'].insert([{:ns=>"oots.teams", :key=>{"slug"=>1}, :name=>"slug_1"}])
admin['$cmd'].find({:ismaster=>1}, {}).limit(-1)
MONGODB oots['system.indexes'].insert([{:ns=>"oots.teams", :key=>{"name"=>1}, :name=>"name_1"}])
MONGODB oots['system.indexes'].insert([{:ns=>"oots.teams", :key=>{"slug"=>1}, :name=>"slug_1"}])
admin['$cmd'].find({:ismaster=>1}, {}).limit(-1)
MONGODB oots['system.indexes'].insert([{:ns=>"oots.teams", :key=>{"name"=>1}, :name=>"name_1"}])
MONGODB oots['system.indexes'].insert([{:ns=>"oots.teams", :key=>{"slug"=>1}, :name=>"slug_1"}])
MONGODB oots['system.indexes'].insert([{:ns=>"oots.venues", :key=>{"name"=>1}, :name=>"name_1"}])
MONGODB oots['system.indexes'].insert([{:ns=>"oots.venues", :key=>{"slug"=>1}, :name=>"slug_1"}])
MONGODB oots['system.indexes'].insert([{:ns=>"oots.venues", :key=>{"latlon"=>"2d"}, :name=>"latlon_2d"}])
admin['$cmd'].find({:ismaster=>1}, {}).limit(-1)
MONGODB oots['teams'].update({:_id=>BSON::ObjectId('4cba7e1bd1092cfd0a000001')}, {"name"=>"Fulham", "slug"=>"fulham", "city"=>nil, "created_at"=>Sun Oct 17 04:39:56 UTC 2010, "country"=>nil, "updated_at"=>Sun Oct 17 04:39:56 UTC 2010, "_id"=>BSON::ObjectId('4cba7e1bd1092cfd0a000001'), "url"=>"http://fulhamfc.com", "league"=>"EPL", "definite_article"=>nil, "sport"=>"Soccer", "twitter"=>""})
oots['teams'].find({:slug=>"fulham"}, {}).limit(-1)
oots['teams'].find({:slug=>"fulham"}, {}).limit(-1)
oots['teams'].find({}, {})
oots['teams'].find({}, {})
admin['$cmd'].find({:ismaster=>1}, {}).limit(-1)
MONGODB oots['system.indexes'].insert([{:ns=>"oots.teams", :key=>{"name"=>1}, :name=>"name_1"}])
MONGODB oots['system.indexes'].insert([{:ns=>"oots.teams", :key=>{"slug"=>1}, :name=>"slug_1"}])
MONGODB oots['system.indexes'].insert([{:ns=>"oots.venues", :key=>{"name"=>1}, :name=>"name_1"}])
MONGODB oots['system.indexes'].insert([{:ns=>"oots.venues", :key=>{"slug"=>1}, :name=>"slug_1"}])
MONGODB oots['system.indexes'].insert([{:ns=>"oots.venues", :key=>{"latlon"=>"2d"}, :name=>"latlon_2d"}])
admin['$cmd'].find({:ismaster=>1}, {}).limit(-1)
oots['teams'].find({}, {})
oots['teams'].find({}, {})
oots['teams'].find({}, {})
oots['teams'].find({}, {})
admin['$cmd'].find({:ismaster=>1}, {}).limit(-1)
MONGODB oots['system.indexes'].insert([{:ns=>"oots.teams", :key=>{"name"=>1}, :name=>"name_1"}])
MONGODB oots['system.indexes'].insert([{:ns=>"oots.teams", :key=>{"slug"=>1}, :name=>"slug_1"}])
MONGODB oots['system.indexes'].insert([{:ns=>"oots.venues", :key=>{"name"=>1}, :name=>"name_1"}])
MONGODB oots['system.indexes'].insert([{:ns=>"oots.venues", :key=>{"slug"=>1}, :name=>"slug_1"}])
MONGODB oots['system.indexes'].insert([{:ns=>"oots.venues", :key=>{"latlon"=>"2d"}, :name=>"latlon_2d"}])
admin['$cmd'].find({:ismaster=>1}, {}).limit(-1)
oots['teams'].find({}, {})
oots['teams'].find({}, {})
oots['teams'].find({}, {})
oots['teams'].find({}, {})
oots['teams'].find({}, {})
oots['teams'].find({}, {})
oots['teams'].find({}, {})
oots['teams'].find({}, {})
oots['teams'].find({}, {})
oots['teams'].find({}, {})
oots['teams'].find({}, {})
oots['teams'].find({}, {})
oots['teams'].find({}, {})
oots['teams'].find({}, {})
oots['teams'].find({}, {})
oots['teams'].find({}, {})
oots['teams'].find({}, {})
oots['teams'].find({}, {})
oots['teams'].find({}, {})
oots['teams'].find({}, {})
oots['teams'].find({}, {})
oots['teams'].find({}, {})
MONGODB oots['teams'].update({:_id=>BSON::ObjectId('4cba804cd1092cfd4f000002')}, {"name"=>"Liverpool", "slug"=>"liverpool", "city"=>nil, "created_at"=>Sun Oct 17 04:49:16 UTC 2010, "country"=>nil, "updated_at"=>Sun Oct 17 04:49:16 UTC 2010, "_id"=>BSON::ObjectId('4cba804cd1092cfd4f000002'), "url"=>"http://liverpoolfc.tv", "league"=>"EPL", "definite_article"=>nil, "sport"=>"Soccer", "altnames"=>nil, "twitter"=>""})
oots['teams'].find({:slug=>"liverpool"}, {}).limit(-1)
oots['teams'].find({}, {})
oots['teams'].find({}, {})
oots['teams'].find({}, {})
MONGODB oots['teams'].update({:_id=>BSON::ObjectId('4cba80e1d1092cfd4f000004')}, {"name"=>"Seattle Mariners", "slug"=>"seattle-mariners", "city"=>nil, "created_at"=>Sun Oct 17 04:51:45 UTC 2010, "country"=>nil, "updated_at"=>Sun Oct 17 04:51:45 UTC 2010, "_id"=>BSON::ObjectId('4cba80e1d1092cfd4f000004'), "url"=>"", "league"=>"MLB", "definite_article"=>nil, "sport"=>"Baseball", "altnames"=>nil, "twitter"=>""})
oots['teams'].find({:slug=>"seattle-mariners"}, {}).limit(-1)
oots['teams'].find({}, {})
oots['teams'].find({}, {})
oots['teams'].find({}, {})
oots['teams'].find({}, {})
admin['$cmd'].find({:ismaster=>1}, {}).limit(-1)
MONGODB oots['system.indexes'].insert([{:ns=>"oots.teams", :key=>{"name"=>1}, :name=>"name_1"}])
MONGODB oots['system.indexes'].insert([{:ns=>"oots.teams", :key=>{"slug"=>1}, :name=>"slug_1"}])
MONGODB oots['system.indexes'].insert([{:ns=>"oots.venues", :key=>{"name"=>1}, :name=>"name_1"}])
MONGODB oots['system.indexes'].insert([{:ns=>"oots.venues", :key=>{"slug"=>1}, :name=>"slug_1"}])
MONGODB oots['system.indexes'].insert([{:ns=>"oots.venues", :key=>{"latlon"=>"2d"}, :name=>"latlon_2d"}])
admin['$cmd'].find({:ismaster=>1}, {}).limit(-1)
oots['teams'].find({}, {})
oots['teams'].find({}, {})
oots['teams'].find({}, {})
oots['teams'].find({}, {})
oots['teams'].find({}, {})
admin['$cmd'].find({:ismaster=>1}, {}).limit(-1)
MONGODB oots['system.indexes'].insert([{:ns=>"oots.teams", :key=>{"name"=>1}, :name=>"name_1"}])
MONGODB oots['system.indexes'].insert([{:ns=>"oots.teams", :key=>{"slug"=>1}, :name=>"slug_1"}])
MONGODB oots['system.indexes'].insert([{:ns=>"oots.venues", :key=>{"name"=>1}, :name=>"name_1"}])
MONGODB oots['system.indexes'].insert([{:ns=>"oots.venues", :key=>{"slug"=>1}, :name=>"slug_1"}])
MONGODB oots['system.indexes'].insert([{:ns=>"oots.venues", :key=>{"latlon"=>"2d"}, :name=>"latlon_2d"}])
admin['$cmd'].find({:ismaster=>1}, {}).limit(-1)
oots['teams'].find({}, {})
oots['teams'].find({}, {})
oots['teams'].find({}, {})
MONGODB oots['teams'].update({:_id=>BSON::ObjectId('4cbc67bfd1092cfebd000002')}, {"name"=>"Manchester United", "slug"=>"manchester-united", "city"=>nil, "created_at"=>Mon Oct 18 15:29:10 UTC 2010, "country"=>nil, "updated_at"=>Mon Oct 18 15:29:10 UTC 2010, "_id"=>BSON::ObjectId('4cbc67bfd1092cfebd000002'), "url"=>"", "league"=>"EPL", "definite_article"=>nil, "sport"=>"Soccer", "altnames"=>nil, "twitter"=>""})
oots['teams'].find({:slug=>"manchester-united"}, {}).limit(-1)
oots['teams'].find({}, {})
oots['teams'].find({}, {})
admin['$cmd'].find({:ismaster=>1}, {}).limit(-1)
MONGODB oots['system.indexes'].insert([{:ns=>"oots.teams", :key=>{"name"=>1}, :name=>"name_1"}])
MONGODB oots['system.indexes'].insert([{:ns=>"oots.teams", :key=>{"slug"=>1}, :name=>"slug_1"}])
MONGODB oots['system.indexes'].insert([{:ns=>"oots.venues", :key=>{"name"=>1}, :name=>"name_1"}])
MONGODB oots['system.indexes'].insert([{:ns=>"oots.venues", :key=>{"slug"=>1}, :name=>"slug_1"}])
MONGODB oots['system.indexes'].insert([{:ns=>"oots.venues", :key=>{"latlon"=>"2d"}, :name=>"latlon_2d"}])
admin['$cmd'].find({:ismaster=>1}, {}).limit(-1)
oots['teams'].find({}, {}).sort([["league", 1]])
oots['teams'].find({}, {}).sort([["league", 1]])
oots['teams'].find({}, {}).sort([["league", 1]])
MONGODB oots['teams'].update({:_id=>BSON::ObjectId('4cbc68e3d1092c07e1000004')}, {"name"=>"Chicago Cubs", "slug"=>"chicago-cubs", "city"=>nil, "created_at"=>Mon Oct 18 15:33:55 UTC 2010, "country"=>nil, "updated_at"=>Mon Oct 18 15:33:55 UTC 2010, "_id"=>BSON::ObjectId('4cbc68e3d1092c07e1000004'), "url"=>"", "league"=>"MLB", "definite_article"=>nil, "sport"=>"Baseball", "altnames"=>nil, "twitter"=>""})
oots['teams'].find({:slug=>"chicago-cubs"}, {}).limit(-1)
oots['teams'].find({}, {}).sort([["league", 1]])
MONGODB oots['teams'].update({:_id=>BSON::ObjectId('4cbc68f4d1092c07e1000006')}, {"name"=>"Chicago White Sox", "slug"=>"chicago-white-sox", "city"=>nil, "created_at"=>Mon Oct 18 15:34:12 UTC 2010, "country"=>nil, "updated_at"=>Mon Oct 18 15:34:12 UTC 2010, "_id"=>BSON::ObjectId('4cbc68f4d1092c07e1000006'), "url"=>"", "league"=>"MLB", "definite_article"=>nil, "sport"=>"Baseball", "altnames"=>nil, "twitter"=>""})
oots['teams'].find({:slug=>"chicago-white-sox"}, {}).limit(-1)
oots['teams'].find({}, {}).sort([["league", 1]])
oots['teams'].find({:slug=>"new-england-patriots"}, {}).limit(-1)
admin['$cmd'].find({:ismaster=>1}, {}).limit(-1)
MONGODB oots['system.indexes'].insert([{:ns=>"oots.teams", :key=>{"name"=>1}, :name=>"name_1"}])
MONGODB oots['system.indexes'].insert([{:ns=>"oots.teams", :key=>{"slug"=>1}, :name=>"slug_1"}])
MONGODB oots['system.indexes'].insert([{:ns=>"oots.venues", :key=>{"name"=>1}, :name=>"name_1"}])
MONGODB oots['system.indexes'].insert([{:ns=>"oots.venues", :key=>{"slug"=>1}, :name=>"slug_1"}])
MONGODB oots['system.indexes'].insert([{:ns=>"oots.venues", :key=>{"latlon"=>"2d"}, :name=>"latlon_2d"}])
admin['$cmd'].find({:ismaster=>1}, {}).limit(-1)
oots['teams'].find({:slug=>"new-england-patriots"}, {}).limit(-1)
oots['teams'].find({:slug=>"new-england-patriots"}, {}).limit(-1)
oots['teams'].find({:_id=>nil}, {}).limit(-1)
oots['teams'].find({:slug=>"new-england-patriots"}, {}).limit(-1)
oots['teams'].find({:slug=>"new-england-patriots"}, {}).limit(-1)
oots['teams'].find({:slug=>"new-england-patriots"}, {}).limit(-1)
oots['teams'].find({:slug=>"new-england-patriots"}, {}).limit(-1)
oots['teams'].find({:slug=>"new-england-patriots"}, {}).limit(-1)
oots['teams'].find({:slug=>"new-england-patriots"}, {}).limit(-1)
oots['teams'].find({:slug=>"new-england-patriots"}, {}).limit(-1)
oots['teams'].find({:slug=>"new-england-patriots"}, {}).limit(-1)
oots['teams'].find({:slug=>"new-england-patriots"}, {}).limit(-1)
oots['teams'].find({:_id=>nil}, {}).limit(-1)
oots['teams'].find({:slug=>"new-england-patriots"}, {}).limit(-1)
oots['teams'].find({:_id=>nil}, {}).limit(-1)
admin['$cmd'].find({:ismaster=>1}, {}).limit(-1)
MONGODB oots['system.indexes'].insert([{:ns=>"oots.teams", :key=>{"name"=>1}, :name=>"name_1"}])
MONGODB oots['system.indexes'].insert([{:ns=>"oots.teams", :key=>{"slug"=>1}, :name=>"slug_1"}])
MONGODB oots['system.indexes'].insert([{:ns=>"oots.venues", :key=>{"name"=>1}, :name=>"name_1"}])
MONGODB oots['system.indexes'].insert([{:ns=>"oots.venues", :key=>{"slug"=>1}, :name=>"slug_1"}])
MONGODB oots['system.indexes'].insert([{:ns=>"oots.venues", :key=>{"latlon"=>"2d"}, :name=>"latlon_2d"}])
admin['$cmd'].find({:ismaster=>1}, {}).limit(-1)
oots['teams'].find({:_id=>BSON::ObjectId('4cba255bd1092ce91d000001')}, {}).limit(-1)
MONGODB oots['teams'].update({:_id=>BSON::ObjectId('4cba255bd1092ce91d000001')}, {"name"=>"New England Patriots", "slug"=>"new-england-patriots", "city"=>nil, "created_at"=>Sat Oct 16 22:21:16 UTC 2010, "country"=>nil, "updated_at"=>Mon Oct 18 15:46:38 UTC 2010, "_id"=>BSON::ObjectId('4cba255bd1092ce91d000001'), "url"=>"", "league"=>"NFL", "definite_article"=>true, "sport"=>"Football", "altnames"=>[], "twitter"=>""})
oots['teams'].find({:slug=>"new-england-patriots"}, {}).limit(-1)
oots['teams'].find({}, {}).sort([["league", 1]])
MONGODB oots['teams'].update({:_id=>BSON::ObjectId('4cbc6befd1092c08a6000002')}, {"name"=>"Chicago Bears", "slug"=>"chicago-bears", "city"=>nil, "created_at"=>Mon Oct 18 15:46:55 UTC 2010, "country"=>nil, "updated_at"=>Mon Oct 18 15:46:55 UTC 2010, "_id"=>BSON::ObjectId('4cbc6befd1092c08a6000002'), "url"=>"", "league"=>"NFL", "definite_article"=>nil, "sport"=>"Football", "altnames"=>nil, "twitter"=>""})
oots['teams'].find({:slug=>"chicago-bears"}, {}).limit(-1)
oots['teams'].find({}, {}).sort([["league", 1]])
MONGODB oots['teams'].update({:_id=>BSON::ObjectId('4cbc72fbd1092c08a6000004')}, {"name"=>"Tottenham Hotspur", "slug"=>"tottenham-hotspur", "city"=>nil, "created_at"=>Mon Oct 18 16:16:59 UTC 2010, "country"=>nil, "updated_at"=>Mon Oct 18 16:16:59 UTC 2010, "_id"=>BSON::ObjectId('4cbc72fbd1092c08a6000004'), "url"=>"", "league"=>"EPL", "definite_article"=>nil, "sport"=>"Soccer", "altnames"=>nil, "twitter"=>""})
oots['teams'].find({:slug=>"tottenham-hotspur"}, {}).limit(-1)
oots['teams'].find({}, {})
oots['teams'].find({}, {}).sort([["league", 1]])
MONGODB oots['teams'].update({:_id=>BSON::ObjectId('4cbc7313d1092c08a6000006')}, {"name"=>"Blackburn Rovers", "slug"=>"blackburn-rovers", "city"=>nil, "created_at"=>Mon Oct 18 16:17:23 UTC 2010, "country"=>nil, "updated_at"=>Mon Oct 18 16:17:23 UTC 2010, "_id"=>BSON::ObjectId('4cbc7313d1092c08a6000006'), "url"=>"", "league"=>"EPL", "definite_article"=>nil, "sport"=>"Soccer", "altnames"=>nil, "twitter"=>""})
oots['teams'].find({:slug=>"blackburn-rovers"}, {}).limit(-1)
oots['teams'].find({}, {})
oots['teams'].find({}, {}).sort([["league", 1]])
oots['teams'].find({}, {}).sort([["league", 1]])
oots['teams'].find({}, {}).sort([["league", 1]])
oots['teams'].find({}, {}).sort([["league", 1]])
oots['teams'].find({}, {}).sort([["league", 1]])
oots['teams'].find({}, {}).sort([["league", 1]])
oots['teams'].find({}, {}).sort([["league", 1]])
oots['teams'].find({:slug=>"fulham"}, {}).limit(-1)
oots['teams'].find({:slug=>"fulham"}, {}).limit(-1)
oots['teams'].find({:slug=>"fulham"}, {}).limit(-1)
oots['teams'].find({:slug=>"fulham"}, {}).limit(-1)
oots['teams'].find({:slug=>"fulham"}, {}).limit(-1)
oots['teams'].find({:slug=>"fulham"}, {}).limit(-1)
oots['teams'].find({:slug=>"fulham"}, {}).limit(-1)
oots['teams'].find({:slug=>"fulham"}, {}).limit(-1)
oots['teams'].find({:slug=>"fulham"}, {}).limit(-1)
oots['teams'].find({:slug=>"fulham"}, {}).limit(-1)
oots['teams'].find({:slug=>"fulham"}, {}).limit(-1)
oots['teams'].find({:slug=>"fulham"}, {}).limit(-1)
oots['teams'].find({:slug=>"fulham"}, {}).limit(-1)
oots['teams'].find({:slug=>"fulham"}, {}).limit(-1)
oots['teams'].find({:slug=>"fulham"}, {}).limit(-1)
oots['teams'].find({:slug=>"fulham"}, {}).limit(-1)
oots['teams'].find({:slug=>"fulham"}, {}).limit(-1)
oots['teams'].find({:slug=>"fulham"}, {}).limit(-1)
oots['teams'].find({:slug=>"fulham"}, {}).limit(-1)
oots['teams'].find({:slug=>"fulham"}, {}).limit(-1)
oots['teams'].find({}, {})
oots['teams'].find({}, {}).sort([["league", 1]])
oots['teams'].find({:slug=>"manchester-united"}, {}).limit(-1)
oots['teams'].find({}, {}).sort([["league", 1]])
oots['teams'].find({:slug=>"manchester-united"}, {}).limit(-1)
MONGODB oots['teams'].update({:_id=>BSON::ObjectId('4cbc67bfd1092cfebd000002')}, {"name"=>"Manchester United", "slug"=>"manchester-united", "city"=>"Manchester", "created_at"=>Mon Oct 18 15:29:10 UTC 2010, "country"=>"UK", "updated_at"=>Mon Oct 18 16:25:53 UTC 2010, "_id"=>BSON::ObjectId('4cbc67bfd1092cfebd000002'), "url"=>"", "league"=>"EPL", "definite_article"=>false, "sport"=>"Soccer", "altnames"=>nil, "twitter"=>""})
oots['teams'].find({:slug=>"manchester-united"}, {}).limit(-1)
oots['teams'].find({}, {}).sort([["league", 1]])
oots['teams'].find({:slug=>"boston-red-sox"}, {}).limit(-1)
MONGODB oots['teams'].update({:_id=>BSON::ObjectId('4cba5815d1092cf432000002')}, {"name"=>"Boston Red Sox", "slug"=>"boston-red-sox", "city"=>"Boston", "created_at"=>Sun Oct 17 01:57:42 UTC 2010, "country"=>"USA", "updated_at"=>Mon Oct 18 16:26:11 UTC 2010, "_id"=>BSON::ObjectId('4cba5815d1092cf432000002'), "url"=>"", "league"=>"MLB", "definite_article"=>true, "sport"=>"Baseball", "altnames"=>[], "twitter"=>"RedSox"})
oots['teams'].find({:slug=>"boston-red-sox"}, {}).limit(-1)
oots['teams'].find({}, {})
oots['teams'].find({}, {}).sort([["league", 1]])
oots['teams'].find({}, {}).sort([["league", 1]])
oots['teams'].find({:slug=>"chicago-bears"}, {}).limit(-1)
MONGODB oots['teams'].update({:_id=>BSON::ObjectId('4cbc6befd1092c08a6000002')}, {"name"=>"Chicago Bears", "slug"=>"chicago-bears", "city"=>"Chicago", "created_at"=>Mon Oct 18 15:46:55 UTC 2010, "country"=>"USA", "updated_at"=>Mon Oct 18 16:27:11 UTC 2010, "_id"=>BSON::ObjectId('4cbc6befd1092c08a6000002'), "url"=>"", "league"=>"NFL", "definite_article"=>false, "sport"=>"Football", "altnames"=>nil, "twitter"=>""})
oots['teams'].find({:slug=>"chicago-bears"}, {}).limit(-1)
oots['teams'].find({}, {}).sort([["league", 1]])
oots['teams'].find({}, {})
oots['teams'].find({}, {}).sort([["league", 1]])
oots['teams'].find({}, {})
oots['teams'].find({}, {})
oots['teams'].find({}, {}).sort([["league", 1]])
oots['teams'].find({:slug=>"tottenham-hotspur"}, {}).limit(-1)
MONGODB oots['teams'].update({:_id=>BSON::ObjectId('4cbc72fbd1092c08a6000004')}, {"name"=>"Tottenham Hotspur", "slug"=>"tottenham-hotspur", "city"=>"London", "created_at"=>Mon Oct 18 16:16:59 UTC 2010, "country"=>"UK", "updated_at"=>Mon Oct 18 16:29:13 UTC 2010, "_id"=>BSON::ObjectId('4cbc72fbd1092c08a6000004'), "url"=>"", "league"=>"EPL", "definite_article"=>false, "sport"=>"Soccer", "altnames"=>nil, "twitter"=>""})
oots['teams'].find({:slug=>"tottenham-hotspur"}, {}).limit(-1)
oots['teams'].find({}, {})
oots['teams'].find({}, {})
oots['teams'].find({}, {}).sort([["league", 1]])
MONGODB oots['teams'].update({:_id=>BSON::ObjectId('4cbc75fed1092c08a6000017')}, {"name"=>"Chelsea", "slug"=>"chelsea", "city"=>"London", "created_at"=>Mon Oct 18 16:29:50 UTC 2010, "country"=>"UK", "updated_at"=>Mon Oct 18 16:29:50 UTC 2010, "_id"=>BSON::ObjectId('4cbc75fed1092c08a6000017'), "url"=>"", "league"=>"EPL", "definite_article"=>false, "sport"=>"Soccer", "altnames"=>nil, "twitter"=>""})
oots['teams'].find({:slug=>"chelsea"}, {}).limit(-1)
oots['teams'].find({:slug=>"chelsea"}, {}).limit(-1)
oots['teams'].find({}, {})
oots['teams'].find({}, {}).sort([["league", 1]])
MONGODB oots['teams'].update({:_id=>BSON::ObjectId('4cbc7620d1092c08a6000019')}, {"name"=>"Dallas Cowboys", "slug"=>"dallas-cowboys", "city"=>"Dallas", "created_at"=>Mon Oct 18 16:30:24 UTC 2010, "country"=>"USA", "updated_at"=>Mon Oct 18 16:30:24 UTC 2010, "_id"=>BSON::ObjectId('4cbc7620d1092c08a6000019'), "url"=>"", "league"=>"NFL", "definite_article"=>true, "sport"=>"Football", "altnames"=>nil, "twitter"=>""})
oots['teams'].find({:slug=>"dallas-cowboys"}, {}).limit(-1)
oots['teams'].find({}, {}).sort([["league", 1]])
MONGODB oots['teams'].update({:_id=>BSON::ObjectId('4cbc763bd1092c08a600001b')}, {"name"=>"Pittsburgh Steelers", "slug"=>"pittsburgh-steelers", "city"=>"Pittsburgh", "created_at"=>Mon Oct 18 16:30:51 UTC 2010, "country"=>"USA", "updated_at"=>Mon Oct 18 16:30:51 UTC 2010, "_id"=>BSON::ObjectId('4cbc763bd1092c08a600001b'), "url"=>"", "league"=>"NFL", "definite_article"=>true, "sport"=>"Football", "altnames"=>nil, "twitter"=>""})
oots['teams'].find({:slug=>"pittsburgh-steelers"}, {}).limit(-1)
oots['teams'].find({}, {}).sort([["league", 1]])
oots['teams'].find({}, {}).sort([["league", 1], ["name", 1]])
oots['teams'].find({}, {}).sort([["league", 1], ["name", 1]])
oots['teams'].find({:slug=>"blackburn-rovers"}, {}).limit(-1)
oots['teams'].find({:slug=>"blackburn-rovers"}, {}).limit(-1)
oots['teams'].find({:slug=>"blackburn-rovers"}, {}).limit(-1)
MONGODB oots['teams'].update({:_id=>BSON::ObjectId('4cbc7313d1092c08a6000006')}, {"name"=>"Blackburn Rovers", "slug"=>"blackburn-rovers", "city"=>"Blackburn", "created_at"=>Mon Oct 18 16:17:23 UTC 2010, "country"=>"UK", "updated_at"=>Mon Oct 18 16:31:48 UTC 2010, "_id"=>BSON::ObjectId('4cbc7313d1092c08a6000006'), "url"=>"", "league"=>"EPL", "definite_article"=>false, "sport"=>"Soccer", "altnames"=>nil, "twitter"=>""})
oots['teams'].find({:slug=>"blackburn-rovers"}, {}).limit(-1)
oots['teams'].find({}, {}).sort([["league", 1], ["name", 1]])
oots['teams'].find({:slug=>"chicago-white-sox"}, {}).limit(-1)
MONGODB oots['teams'].update({:_id=>BSON::ObjectId('4cbc68f4d1092c07e1000006')}, {"name"=>"Chicago White Sox", "slug"=>"chicago-white-sox", "city"=>"", "created_at"=>Mon Oct 18 15:34:12 UTC 2010, "country"=>"", "updated_at"=>Mon Oct 18 16:31:55 UTC 2010, "_id"=>BSON::ObjectId('4cbc68f4d1092c07e1000006'), "url"=>"", "league"=>"MLB", "definite_article"=>true, "sport"=>"Baseball", "altnames"=>nil, "twitter"=>""})
oots['teams'].find({:slug=>"chicago-white-sox"}, {}).limit(-1)
oots['teams'].find({}, {}).sort([["league", 1], ["name", 1]])
oots['teams'].find({:slug=>"chicago-white-sox"}, {}).limit(-1)
oots['teams'].find({:slug=>"chicago-cubs"}, {}).limit(-1)
MONGODB oots['teams'].update({:_id=>BSON::ObjectId('4cbc68e3d1092c07e1000004')}, {"name"=>"Chicago Cubs", "slug"=>"chicago-cubs", "city"=>"", "created_at"=>Mon Oct 18 15:33:55 UTC 2010, "country"=>"", "updated_at"=>Mon Oct 18 16:32:06 UTC 2010, "_id"=>BSON::ObjectId('4cbc68e3d1092c07e1000004'), "url"=>"", "league"=>"MLB", "definite_article"=>true, "sport"=>"Baseball", "altnames"=>nil, "twitter"=>""})
oots['teams'].find({:slug=>"chicago-cubs"}, {}).limit(-1)
oots['teams'].find({}, {}).sort([["league", 1], ["name", 1]])
oots['teams'].find({:slug=>"chicago-bears"}, {}).limit(-1)
MONGODB oots['teams'].update({:_id=>BSON::ObjectId('4cbc6befd1092c08a6000002')}, {"name"=>"Chicago Bears", "slug"=>"chicago-bears", "city"=>"Chicago", "created_at"=>Mon Oct 18 15:46:55 UTC 2010, "country"=>"USA", "updated_at"=>Mon Oct 18 16:32:13 UTC 2010, "_id"=>BSON::ObjectId('4cbc6befd1092c08a6000002'), "url"=>"", "league"=>"NFL", "definite_article"=>true, "sport"=>"Football", "altnames"=>nil, "twitter"=>""})
oots['teams'].find({:slug=>"chicago-bears"}, {}).limit(-1)
oots['teams'].find({}, {})
oots['teams'].find({}, {})
oots['teams'].find({}, {}).sort([["league", 1], ["name", 1]])
oots['teams'].find({}, {}).sort([["league", 1], ["name", 1]])
oots['teams'].find({}, {}).sort([["league", 1], ["name", 1]])
oots['teams'].find({}, {}).sort([["league", 1], ["name", 1]])
MONGODB oots['teams'].update({:_id=>BSON::ObjectId('4cbc771fd1092c08a6000026')}, {"name"=>"Arsenal", "slug"=>"arsenal", "city"=>"London", "created_at"=>Mon Oct 18 16:34:39 UTC 2010, "country"=>"UK", "updated_at"=>Mon Oct 18 16:34:39 UTC 2010, "_id"=>BSON::ObjectId('4cbc771fd1092c08a6000026'), "url"=>"http://arsenal.com", "league"=>"EPL", "definite_article"=>false, "sport"=>"Soccer", "altnames"=>nil, "twitter"=>""})
oots['teams'].find({:slug=>"arsenal"}, {}).limit(-1)
oots['teams'].find({}, {})
oots['teams'].find({}, {})
oots['teams'].find({}, {}).sort([["league", 1], ["name", 1]])
MONGODB oots['teams'].update({:_id=>BSON::ObjectId('4cbc777dd1092c08a6000028')}, {"name"=>"Manchester City", "slug"=>"manchester-city", "city"=>"Manchester", "created_at"=>Mon Oct 18 16:36:13 UTC 2010, "country"=>"UK", "updated_at"=>Mon Oct 18 16:36:13 UTC 2010, "_id"=>BSON::ObjectId('4cbc777dd1092c08a6000028'), "url"=>"http://www.mcfc.co.uk/", "league"=>"EPL", "definite_article"=>false, "sport"=>"Soccer", "altnames"=>nil, "twitter"=>"MCFC"})
oots['teams'].find({:slug=>"manchester-city"}, {}).limit(-1)
oots['teams'].find({}, {}).sort([["league", 1], ["name", 1]])
MONGODB oots['teams'].update({:_id=>BSON::ObjectId('4cbc779cd1092c08a600002a')}, {"name"=>"Green Bay Packers", "slug"=>"green-bay-packers", "city"=>"Green Bay", "created_at"=>Mon Oct 18 16:36:44 UTC 2010, "country"=>"USA", "updated_at"=>Mon Oct 18 16:36:44 UTC 2010, "_id"=>BSON::ObjectId('4cbc779cd1092c08a600002a'), "url"=>"", "league"=>"NFL", "definite_article"=>true, "sport"=>"Football", "altnames"=>nil, "twitter"=>""})
oots['teams'].find({:slug=>"green-bay-packers"}, {}).limit(-1)
oots['teams'].find({}, {}).sort([["league", 1], ["name", 1]])
MONGODB oots['teams'].update({:_id=>BSON::ObjectId('4cbc77bad1092c08a600002c')}, {"name"=>"Arizona Cardinals", "slug"=>"arizona-cardinals", "city"=>"Phoenix", "created_at"=>Mon Oct 18 16:37:14 UTC 2010, "country"=>"USA", "updated_at"=>Mon Oct 18 16:37:14 UTC 2010, "_id"=>BSON::ObjectId('4cbc77bad1092c08a600002c'), "url"=>"", "league"=>"NFL", "definite_article"=>false, "sport"=>"Football", "altnames"=>nil, "twitter"=>""})
oots['teams'].find({:slug=>"arizona-cardinals"}, {}).limit(-1)
oots['teams'].find({}, {}).sort([["league", 1], ["name", 1]])
MONGODB oots['teams'].update({:_id=>BSON::ObjectId('4cbc77d2d1092c08a600002e')}, {"name"=>"New York Mets", "slug"=>"new-york-mets", "city"=>"New York", "created_at"=>Mon Oct 18 16:37:38 UTC 2010, "country"=>"USA", "updated_at"=>Mon Oct 18 16:37:38 UTC 2010, "_id"=>BSON::ObjectId('4cbc77d2d1092c08a600002e'), "url"=>"", "league"=>"MLB", "definite_article"=>true, "sport"=>"Baseball", "altnames"=>nil, "twitter"=>""})
oots['teams'].find({:slug=>"new-york-mets"}, {}).limit(-1)
oots['teams'].find({}, {}).sort([["league", 1], ["name", 1]])
oots['teams'].find({:slug=>"new-york-mets"}, {}).limit(-1)
oots['teams'].find({}, {})
oots['teams'].find({}, {}).sort([["league", 1], ["name", 1]])
oots['teams'].find({:slug=>"dallas-cowboys"}, {}).limit(-1)
oots['teams'].find({:slug=>"pittsburgh-steelers"}, {}).limit(-1)
oots['teams'].find({:slug=>"manchester-city"}, {}).limit(-1)
oots['teams'].find({}, {})
oots['teams'].find({}, {})
oots['teams'].find({}, {})
oots['teams'].find({}, {})
oots['teams'].find({}, {})
oots['teams'].find({}, {})
oots['teams'].find({}, {})
oots['teams'].find({}, {})
oots['teams'].find({}, {})
oots['teams'].find({}, {})
oots['teams'].find({}, {})
oots['teams'].find({}, {}).sort([["league", 1], ["name", 1]])
oots['teams'].find({}, {}).sort([["league", 1], ["name", 1]])
oots['teams'].find({}, {}).sort([["league", 1], ["name", 1]])
oots['teams'].find({}, {}).sort([["league", 1], ["name", 1]])
oots['teams'].find({}, {}).sort([["league", 1], ["name", 1]])
oots['teams'].find({}, {}).sort([["league", 1], ["name", 1]])
oots['teams'].find({}, {}).sort([["league", 1], ["name", 1]])
oots['teams'].find({}, {}).sort([["league", 1], ["name", 1]])
MONGODB oots['teams'].update({:_id=>BSON::ObjectId('4cbc795cd1092c08a6000039')}, {"name"=>"Cleveland Browns", "slug"=>"cleveland-browns", "city"=>"Cleveland", "created_at"=>Mon Oct 18 16:44:12 UTC 2010, "country"=>"USA", "updated_at"=>Mon Oct 18 16:44:12 UTC 2010, "_id"=>BSON::ObjectId('4cbc795cd1092c08a6000039'), "url"=>"", "league"=>"NFL", "definite_article"=>true, "sport"=>"Football", "altnames"=>nil, "twitter"=>""})
oots['teams'].find({:slug=>"cleveland-browns"}, {}).limit(-1)
oots['teams'].find({}, {}).sort([["league", 1], ["name", 1]])
MONGODB oots['teams'].update({:_id=>BSON::ObjectId('4cbc7973d1092c08a600003b')}, {"name"=>"Baltimore Ravens", "slug"=>"baltimore-ravens", "city"=>"Baltimore", "created_at"=>Mon Oct 18 16:44:35 UTC 2010, "country"=>"USA", "updated_at"=>Mon Oct 18 16:44:35 UTC 2010, "_id"=>BSON::ObjectId('4cbc7973d1092c08a600003b'), "url"=>"", "league"=>"NFL", "definite_article"=>true, "sport"=>"Football", "altnames"=>nil, "twitter"=>""})
oots['teams'].find({:slug=>"baltimore-ravens"}, {}).limit(-1)
oots['teams'].find({}, {}).sort([["league", 1], ["name", 1]])
MONGODB oots['teams'].update({:_id=>BSON::ObjectId('4cbc7997d1092c08a600003d')}, {"name"=>"Seattle Seahawks", "slug"=>"seattle-seahawks", "city"=>"Seattle", "created_at"=>Mon Oct 18 16:45:11 UTC 2010, "country"=>"USA", "updated_at"=>Mon Oct 18 16:45:11 UTC 2010, "_id"=>BSON::ObjectId('4cbc7997d1092c08a600003d'), "url"=>"", "league"=>"NFL", "definite_article"=>true, "sport"=>"Football", "altnames"=>nil, "twitter"=>""})
oots['teams'].find({:slug=>"seattle-seahawks"}, {}).limit(-1)
oots['teams'].find({}, {}).sort([["league", 1], ["name", 1]])
MONGODB oots['teams'].update({:_id=>BSON::ObjectId('4cbc79bbd1092c08a600003f')}, {"name"=>"Miami Dolphins", "slug"=>"miami-dolphins", "city"=>"Miami", "created_at"=>Mon Oct 18 16:45:47 UTC 2010, "country"=>"USA", "updated_at"=>Mon Oct 18 16:45:47 UTC 2010, "_id"=>BSON::ObjectId('4cbc79bbd1092c08a600003f'), "url"=>"", "league"=>"NFL", "definite_article"=>true, "sport"=>"Football", "altnames"=>nil, "twitter"=>""})
oots['teams'].find({:slug=>"miami-dolphins"}, {}).limit(-1)
oots['teams'].find({}, {})
oots['teams'].find({}, {})
oots['teams'].find({}, {}).sort([["league", 1], ["name", 1]])
MONGODB oots['teams'].update({:_id=>BSON::ObjectId('4cbc7a2cd1092c08a6000041')}, {"name"=>"New York Giants", "slug"=>"new-york-giants", "city"=>"New York", "created_at"=>Mon Oct 18 16:47:40 UTC 2010, "country"=>"USA", "updated_at"=>Mon Oct 18 16:47:40 UTC 2010, "_id"=>BSON::ObjectId('4cbc7a2cd1092c08a6000041'), "url"=>"", "league"=>"NFL", "definite_article"=>true, "sport"=>"Football", "altnames"=>nil, "twitter"=>""})
oots['teams'].find({:slug=>"new-york-giants"}, {}).limit(-1)
oots['teams'].find({}, {})
oots['teams'].find({}, {}).sort([["league", 1], ["name", 1]])
MONGODB oots['teams'].update({:_id=>BSON::ObjectId('4cbc82abd1092c08a6000043')}, {"name"=>"Aston Villa", "slug"=>"aston-villa", "city"=>"Birmingham", "created_at"=>Mon Oct 18 17:23:55 UTC 2010, "country"=>"UK", "updated_at"=>Mon Oct 18 17:23:55 UTC 2010, "_id"=>BSON::ObjectId('4cbc82abd1092c08a6000043'), "url"=>"", "league"=>"EPL", "definite_article"=>false, "sport"=>"Soccer", "altnames"=>nil, "twitter"=>""})
oots['teams'].find({:slug=>"aston-villa"}, {}).limit(-1)
oots['teams'].find({}, {}).sort([["league", 1], ["name", 1]])
MONGODB oots['teams'].update({:_id=>BSON::ObjectId('4cbc82c3d1092c08a6000045')}, {"name"=>"Everton", "slug"=>"everton", "city"=>"Liverpool", "created_at"=>Mon Oct 18 17:24:19 UTC 2010, "country"=>"UK", "updated_at"=>Mon Oct 18 17:24:19 UTC 2010, "_id"=>BSON::ObjectId('4cbc82c3d1092c08a6000045'), "url"=>"", "league"=>"EPL", "definite_article"=>false, "sport"=>"Soccer", "altnames"=>nil, "twitter"=>""})
oots['teams'].find({:slug=>"everton"}, {}).limit(-1)
oots['teams'].find({}, {}).sort([["league", 1], ["name", 1]])
MONGODB oots['teams'].update({:_id=>BSON::ObjectId('4cbc836ed1092c08a6000047')}, {"name"=>"West Ham United", "slug"=>"west-ham-united", "city"=>"London", "created_at"=>Mon Oct 18 17:27:10 UTC 2010, "country"=>"UK", "updated_at"=>Mon Oct 18 17:27:10 UTC 2010, "_id"=>BSON::ObjectId('4cbc836ed1092c08a6000047'), "url"=>"http://www.whufc.com", "league"=>"EPL", "definite_article"=>false, "sport"=>"Soccer", "altnames"=>nil, "twitter"=>""})
oots['teams'].find({:slug=>"west-ham-united"}, {}).limit(-1)
oots['teams'].find({}, {})
oots['teams'].find({}, {})
oots['teams'].find({}, {}).sort([["league", 1], ["name", 1]])
MONGODB oots['teams'].update({:_id=>BSON::ObjectId('4cbc83a6d1092c08a6000049')}, {"name"=>"Texas Rangers", "slug"=>"texas-rangers", "city"=>"Arlington", "created_at"=>Mon Oct 18 17:28:06 UTC 2010, "country"=>"USA", "updated_at"=>Mon Oct 18 17:28:06 UTC 2010, "_id"=>BSON::ObjectId('4cbc83a6d1092c08a6000049'), "url"=>"", "league"=>"MLB", "definite_article"=>true, "sport"=>"Baseball", "altnames"=>nil, "twitter"=>""})
oots['teams'].find({:slug=>"texas-rangers"}, {}).limit(-1)
oots['teams'].find({}, {}).sort([["league", 1], ["name", 1]])
MONGODB oots['teams'].update({:_id=>BSON::ObjectId('4cbc83bfd1092c08a600004b')}, {"name"=>"St. Louis Cardinals", "slug"=>"st-louis-cardinals", "city"=>"St. Louis", "created_at"=>Mon Oct 18 17:28:31 UTC 2010, "country"=>"USA", "updated_at"=>Mon Oct 18 17:28:31 UTC 2010, "_id"=>BSON::ObjectId('4cbc83bfd1092c08a600004b'), "url"=>"", "league"=>"MLB", "definite_article"=>true, "sport"=>"Baseball", "altnames"=>nil, "twitter"=>""})
oots['teams'].find({:slug=>"st-louis-cardinals"}, {}).limit(-1)
oots['teams'].find({}, {}).sort([["league", 1], ["name", 1]])
oots['teams'].find({:slug=>"arsenal"}, {}).limit(-1)
oots['teams'].find({:slug=>"boston-red-sox"}, {}).limit(-1)
oots['teams'].find({}, {})
oots['teams'].find({}, {}).sort([["league", 1], ["name", 1]])
MONGODB oots['teams'].update({:_id=>BSON::ObjectId('4cbc83fad1092c08a600004e')}, {"name"=>"Atlanta Braves", "slug"=>"atlanta-braves", "city"=>"Atlanta", "created_at"=>Mon Oct 18 17:29:30 UTC 2010, "country"=>"USA", "updated_at"=>Mon Oct 18 17:29:30 UTC 2010, "_id"=>BSON::ObjectId('4cbc83fad1092c08a600004e'), "url"=>"", "league"=>"MLB", "definite_article"=>true, "sport"=>"Baseball", "altnames"=>nil, "twitter"=>""})
oots['teams'].find({:slug=>"atlanta-braves"}, {}).limit(-1)
oots['teams'].find({}, {}).sort([["league", 1], ["name", 1]])
MONGODB oots['teams'].update({:_id=>BSON::ObjectId('4cbc840fd1092c08a6000050')}, {"name"=>"Los Angeles Dodgers", "slug"=>"los-angeles-dodgers", "city"=>"Los Angeles", "created_at"=>Mon Oct 18 17:29:51 UTC 2010, "country"=>"USA", "updated_at"=>Mon Oct 18 17:29:51 UTC 2010, "_id"=>BSON::ObjectId('4cbc840fd1092c08a6000050'), "url"=>"", "league"=>"MLB", "definite_article"=>true, "sport"=>"Baseball", "altnames"=>nil, "twitter"=>""})
oots['teams'].find({:slug=>"los-angeles-dodgers"}, {}).limit(-1)
oots['teams'].find({}, {}).sort([["league", 1], ["name", 1]])
oots['teams'].find({}, {})
oots['teams'].find({}, {})
oots['teams'].find({}, {})
oots['teams'].find({}, {})
oots['teams'].find({}, {})
oots['teams'].find({}, {})
